2021-06-26 16:52:16,785 INFO [root] [base.py (__init__:9] -初始化driverNone
2021-06-26 16:52:16,786 INFO [root] [base.py (click:17] -点击元素('id', 'com.hcloud.wocom:id/tv_right')
2021-06-26 16:52:16,787 INFO [root] [base.py (find_element:13] -查找元素('id', 'com.hcloud.wocom:id/tv_right')
2021-06-26 16:52:16,787 ERROR [root] [test_login.py (setup_class:16] -'NoneType' object has no attribute 'find_element'
2021-06-26 16:52:16,790 INFO [root] [base.py (click:17] -点击元素('id', 'com.hcloud.wocom:id/tv_psw')
2021-06-26 16:52:16,791 INFO [root] [base.py (find_element:13] -查找元素('id', 'com.hcloud.wocom:id/tv_psw')
2021-06-26 16:52:17,242 INFO [root] [base.py (click:17] -点击元素('id', 'com.hcloud.wocom:id/tv_psw')
2021-06-26 16:52:17,244 INFO [root] [base.py (find_element:13] -查找元素('id', 'com.hcloud.wocom:id/tv_psw')
2021-06-26 17:03:04,450 ERROR [root] [test_login.py (setup_class:16] -__init__() missing 1 required positional argument: 'driver'
2021-06-26 17:06:17,816 INFO [root] [base.py (__init__:7] -初始化driver<appium.webdriver.webdriver.WebDriver (session="e5ed383d-c594-4e35-91ef-e94198bd8186")>
2021-06-26 17:06:17,816 INFO [root] [base.py (click:16] -点击元素('id', 'com.hcloud.wocom:id/tv_right')
2021-06-26 17:06:17,816 INFO [root] [base.py (find_element:11] -查找元素('id', 'com.hcloud.wocom:id/tv_right')
2021-06-26 17:06:19,126 INFO [root] [base.py (click:16] -点击元素('id', 'com.hcloud.wocom:id/tv_psw')
2021-06-26 17:06:19,126 INFO [root] [base.py (find_element:11] -查找元素('id', 'com.hcloud.wocom:id/tv_psw')
2021-06-26 17:06:19,160 INFO [root] [base.py (input:20] -给元素('id', 'com.hcloud.wocom:id/et_phone')输入18000000001
2021-06-26 17:06:19,160 INFO [root] [base.py (find_element:11] -查找元素('id', 'com.hcloud.wocom:id/et_phone')
2021-06-26 17:06:19,766 INFO [root] [base.py (input:22] -清空元素('id', 'com.hcloud.wocom:id/et_phone')
2021-06-26 17:06:19,790 INFO [root] [base.py (input:24] -给元素输入内容18000000001
2021-06-26 17:06:20,820 INFO [root] [base.py (input:20] -给元素('id', 'com.hcloud.wocom:id/et_psw')输入Abc1234@
2021-06-26 17:06:20,821 INFO [root] [base.py (find_element:11] -查找元素('id', 'com.hcloud.wocom:id/et_psw')
2021-06-26 17:06:21,423 INFO [root] [base.py (input:22] -清空元素('id', 'com.hcloud.wocom:id/et_psw')
2021-06-26 17:06:21,438 INFO [root] [base.py (input:24] -给元素输入内容Abc1234@
2021-06-26 17:06:22,454 INFO [root] [base.py (click:16] -点击元素('id', 'com.hcloud.wocom:id/bt_next')
2021-06-26 17:06:22,454 INFO [root] [base.py (find_element:11] -查找元素('id', 'com.hcloud.wocom:id/bt_next')
2021-06-26 17:06:23,053 INFO [root] [base.py (element_is_exist:43] -查找元素('xpath', "//*[contains(@text,'我的')]")是否存在
2021-06-26 17:06:23,053 INFO [root] [base.py (find_element:11] -查找元素('xpath', "//*[contains(@text,'我的')]")
2021-06-26 17:06:33,309 ERROR [root] [test_login.py (test_login:28] -assert False
 +  where False = <bound method LoginPage.login_if_success of <page.login_page.LoginPage object at 0x0000026097805F10>>()
 +    where <bound method LoginPage.login_if_success of <page.login_page.LoginPage object at 0x0000026097805F10>> = <page.login_page.LoginPage object at 0x0000026097805F10>.login_if_success
 +      where <page.login_page.LoginPage object at 0x0000026097805F10> = <scripts.test_login.Test_Login object at 0x0000026097805970>.login
2021-06-26 17:06:33,718 INFO [root] [base.py (click:16] -点击元素('id', 'com.hcloud.wocom:id/tv_psw')
2021-06-26 17:06:33,719 INFO [root] [base.py (find_element:11] -查找元素('id', 'com.hcloud.wocom:id/tv_psw')
2021-06-26 17:10:54,098 INFO [root] [base.py (__init__:7] -初始化driver<appium.webdriver.webdriver.WebDriver (session="38fed695-595a-4cca-84fc-8908ff9a7208")>
2021-06-26 17:10:54,099 INFO [root] [base.py (click:16] -点击元素('id', 'com.hcloud.wocom:id/tv_right')
2021-06-26 17:10:54,099 INFO [root] [base.py (find_element:11] -查找元素('id', 'com.hcloud.wocom:id/tv_right')
2021-06-26 17:10:54,746 INFO [root] [base.py (click:16] -点击元素('id', 'com.hcloud.wocom:id/tv_psw')
2021-06-26 17:10:54,746 INFO [root] [base.py (find_element:11] -查找元素('id', 'com.hcloud.wocom:id/tv_psw')
2021-06-26 17:10:55,393 INFO [root] [base.py (input:20] -给元素('id', 'com.hcloud.wocom:id/et_phone')输入18000000001
2021-06-26 17:10:55,394 INFO [root] [base.py (find_element:11] -查找元素('id', 'com.hcloud.wocom:id/et_phone')
2021-06-26 17:10:55,997 INFO [root] [base.py (input:22] -清空元素('id', 'com.hcloud.wocom:id/et_phone')
2021-06-26 17:10:56,020 INFO [root] [base.py (input:24] -给元素输入内容18000000001
2021-06-26 17:10:57,067 INFO [root] [base.py (input:20] -给元素('id', 'com.hcloud.wocom:id/et_psw')输入Abc1234@
2021-06-26 17:10:57,067 INFO [root] [base.py (find_element:11] -查找元素('id', 'com.hcloud.wocom:id/et_psw')
2021-06-26 17:10:57,672 INFO [root] [base.py (input:22] -清空元素('id', 'com.hcloud.wocom:id/et_psw')
2021-06-26 17:10:57,690 INFO [root] [base.py (input:24] -给元素输入内容Abc1234@
2021-06-26 17:10:58,927 INFO [root] [base.py (click:16] -点击元素('id', 'com.hcloud.wocom:id/bt_next')
2021-06-26 17:10:58,927 INFO [root] [base.py (find_element:11] -查找元素('id', 'com.hcloud.wocom:id/bt_next')
2021-06-26 17:10:59,551 INFO [root] [base.py (element_is_exist:43] -查找元素('xpath', "//*[contains(@text,'我的')]")是否存在
2021-06-26 17:10:59,552 INFO [root] [base.py (find_element:11] -查找元素('xpath', "//*[contains(@text,'我的')]")
2021-06-26 17:11:01,954 INFO [root] [base.py (click:16] -点击元素('id', 'com.hcloud.wocom:id/iv_setting')
2021-06-26 17:11:01,954 INFO [root] [base.py (find_element:11] -查找元素('id', 'com.hcloud.wocom:id/iv_setting')
2021-06-26 17:11:12,982 INFO [root] [base.py (click:16] -点击元素('id', 'com.hcloud.wocom:id/tv_psw')
2021-06-26 17:11:12,983 INFO [root] [base.py (find_element:11] -查找元素('id', 'com.hcloud.wocom:id/tv_psw')
2021-06-26 17:13:31,325 INFO [root] [base.py (__init__:7] -初始化driver<appium.webdriver.webdriver.WebDriver (session="e9714171-9bf0-470e-a0ba-d826f3eaa449")>
2021-06-26 17:13:31,326 INFO [root] [base.py (click:16] -点击元素('id', 'com.hcloud.wocom:id/tv_right')
2021-06-26 17:13:31,326 INFO [root] [base.py (find_element:11] -查找元素('id', 'com.hcloud.wocom:id/tv_right')
2021-06-26 17:13:31,968 INFO [root] [base.py (click:16] -点击元素('id', 'com.hcloud.wocom:id/tv_psw')
2021-06-26 17:13:31,968 INFO [root] [base.py (find_element:11] -查找元素('id', 'com.hcloud.wocom:id/tv_psw')
2021-06-26 17:13:32,632 INFO [root] [base.py (input:20] -给元素('id', 'com.hcloud.wocom:id/et_phone')输入18000000001
2021-06-26 17:13:32,633 INFO [root] [base.py (find_element:11] -查找元素('id', 'com.hcloud.wocom:id/et_phone')
2021-06-26 17:13:33,492 INFO [root] [base.py (input:22] -清空元素('id', 'com.hcloud.wocom:id/et_phone')
2021-06-26 17:13:33,541 INFO [root] [base.py (input:24] -给元素输入内容18000000001
2021-06-26 17:13:34,569 INFO [root] [base.py (input:20] -给元素('id', 'com.hcloud.wocom:id/et_psw')输入Abc1234@
2021-06-26 17:13:34,570 INFO [root] [base.py (find_element:11] -查找元素('id', 'com.hcloud.wocom:id/et_psw')
2021-06-26 17:13:35,171 INFO [root] [base.py (input:22] -清空元素('id', 'com.hcloud.wocom:id/et_psw')
2021-06-26 17:13:35,184 INFO [root] [base.py (input:24] -给元素输入内容Abc1234@
2021-06-26 17:13:36,198 INFO [root] [base.py (click:16] -点击元素('id', 'com.hcloud.wocom:id/bt_next')
2021-06-26 17:13:36,198 INFO [root] [base.py (find_element:11] -查找元素('id', 'com.hcloud.wocom:id/bt_next')
2021-06-26 17:13:37,326 INFO [root] [base.py (element_is_exist:43] -查找元素('xpath', "//*[contains(@text,'我的')]")是否存在
2021-06-26 17:13:37,327 INFO [root] [base.py (find_element:11] -查找元素('xpath', "//*[contains(@text,'我的')]")
2021-06-26 17:13:39,156 INFO [root] [base.py (click:16] -点击元素('xpath', "//*[contains(@text,'我的')]")
2021-06-26 17:13:39,156 INFO [root] [base.py (find_element:11] -查找元素('xpath', "//*[contains(@text,'我的')]")
2021-06-26 17:13:39,298 INFO [root] [base.py (click:16] -点击元素('id', 'com.hcloud.wocom:id/iv_setting')
2021-06-26 17:13:39,298 INFO [root] [base.py (find_element:11] -查找元素('id', 'com.hcloud.wocom:id/iv_setting')
2021-06-26 17:13:40,062 INFO [root] [base.py (click:16] -点击元素('id', 'com.hcloud.wocom:id/bt_out_login')
2021-06-26 17:13:40,062 INFO [root] [base.py (find_element:11] -查找元素('id', 'com.hcloud.wocom:id/bt_out_login')
2021-06-26 17:13:40,954 INFO [root] [base.py (click:16] -点击元素('id', 'com.hcloud.wocom:id/tv_right')
2021-06-26 17:13:40,955 INFO [root] [base.py (find_element:11] -查找元素('id', 'com.hcloud.wocom:id/tv_right')
2021-06-26 17:13:41,689 INFO [root] [base.py (element_is_exist:43] -查找元素('id', 'com.hcloud.wocom:id/tv_psw')是否存在
2021-06-26 17:13:41,689 INFO [root] [base.py (find_element:11] -查找元素('id', 'com.hcloud.wocom:id/tv_psw')
2021-06-26 17:13:42,816 INFO [root] [base.py (click:16] -点击元素('id', 'com.hcloud.wocom:id/tv_psw')
2021-06-26 17:13:42,817 INFO [root] [base.py (find_element:11] -查找元素('id', 'com.hcloud.wocom:id/tv_psw')
2021-06-26 17:13:42,862 INFO [root] [base.py (input:20] -给元素('id', 'com.hcloud.wocom:id/et_phone')输入18000000001
2021-06-26 17:13:42,862 INFO [root] [base.py (find_element:11] -查找元素('id', 'com.hcloud.wocom:id/et_phone')
2021-06-26 17:13:43,467 INFO [root] [base.py (input:22] -清空元素('id', 'com.hcloud.wocom:id/et_phone')
2021-06-26 17:13:43,483 INFO [root] [base.py (input:24] -给元素输入内容18000000001
2021-06-26 17:13:44,611 INFO [root] [base.py (input:20] -给元素('id', 'com.hcloud.wocom:id/et_psw')输入
2021-06-26 17:13:44,611 INFO [root] [base.py (find_element:11] -查找元素('id', 'com.hcloud.wocom:id/et_psw')
2021-06-26 17:13:44,642 INFO [root] [base.py (input:22] -清空元素('id', 'com.hcloud.wocom:id/et_psw')
2021-06-26 17:13:45,216 INFO [root] [base.py (input:24] -给元素输入内容
2021-06-26 17:13:46,219 INFO [root] [base.py (click:16] -点击元素('id', 'com.hcloud.wocom:id/bt_next')
2021-06-26 17:13:46,220 INFO [root] [base.py (find_element:11] -查找元素('id', 'com.hcloud.wocom:id/bt_next')
2021-06-26 17:13:46,731 INFO [root] [base.py (element_is_exist:43] -查找元素('id', 'com.hcloud.wocom:id/tv_error')是否存在
2021-06-26 17:13:46,731 INFO [root] [base.py (find_element:11] -查找元素('id', 'com.hcloud.wocom:id/tv_error')
2021-06-26 17:14:07,398 ERROR [root] [test_login.py (test_login:43] -Message: An element could not be located on the page using the given search parameters.

2021-06-26 17:21:11,609 INFO [root] [base.py (__init__:7] -初始化driver<appium.webdriver.webdriver.WebDriver (session="00eaf2b1-b7a0-4931-aca4-91060efea06a")>
2021-06-26 17:21:11,610 INFO [root] [base.py (click:16] -点击元素('id', 'com.hcloud.wocom:id/tv_right')
2021-06-26 17:21:11,610 INFO [root] [base.py (find_element:11] -查找元素('id', 'com.hcloud.wocom:id/tv_right')
2021-06-26 17:21:12,279 INFO [root] [base.py (click:16] -点击元素('id', 'com.hcloud.wocom:id/tv_psw')
2021-06-26 17:21:12,279 INFO [root] [base.py (find_element:11] -查找元素('id', 'com.hcloud.wocom:id/tv_psw')
2021-06-26 17:21:12,931 INFO [root] [base.py (input:20] -给元素('id', 'com.hcloud.wocom:id/et_phone')输入18000000001
2021-06-26 17:21:12,932 INFO [root] [base.py (find_element:11] -查找元素('id', 'com.hcloud.wocom:id/et_phone')
2021-06-26 17:21:13,543 INFO [root] [base.py (input:22] -清空元素('id', 'com.hcloud.wocom:id/et_phone')
2021-06-26 17:21:13,570 INFO [root] [base.py (input:24] -给元素输入内容18000000001
2021-06-26 17:21:14,609 INFO [root] [base.py (input:20] -给元素('id', 'com.hcloud.wocom:id/et_psw')输入Abc1234@
2021-06-26 17:21:14,610 INFO [root] [base.py (find_element:11] -查找元素('id', 'com.hcloud.wocom:id/et_psw')
2021-06-26 17:21:15,203 INFO [root] [base.py (input:22] -清空元素('id', 'com.hcloud.wocom:id/et_psw')
2021-06-26 17:21:15,221 INFO [root] [base.py (input:24] -给元素输入内容Abc1234@
2021-06-26 17:21:16,229 INFO [root] [base.py (click:16] -点击元素('id', 'com.hcloud.wocom:id/bt_next')
2021-06-26 17:21:16,229 INFO [root] [base.py (find_element:11] -查找元素('id', 'com.hcloud.wocom:id/bt_next')
2021-06-26 17:21:16,830 INFO [root] [base.py (element_is_exist:43] -查找元素('xpath', "//*[contains(@text,'我的')]")是否存在
2021-06-26 17:21:16,831 INFO [root] [base.py (find_element:11] -查找元素('xpath', "//*[contains(@text,'我的')]")
2021-06-26 17:21:19,008 INFO [root] [base.py (click:16] -点击元素('xpath', "//*[contains(@text,'我的')]")
2021-06-26 17:21:19,008 INFO [root] [base.py (find_element:11] -查找元素('xpath', "//*[contains(@text,'我的')]")
2021-06-26 17:21:19,198 INFO [root] [base.py (click:16] -点击元素('id', 'com.hcloud.wocom:id/iv_setting')
2021-06-26 17:21:19,198 INFO [root] [base.py (find_element:11] -查找元素('id', 'com.hcloud.wocom:id/iv_setting')
2021-06-26 17:21:19,951 INFO [root] [base.py (click:16] -点击元素('id', 'com.hcloud.wocom:id/bt_out_login')
2021-06-26 17:21:19,951 INFO [root] [base.py (find_element:11] -查找元素('id', 'com.hcloud.wocom:id/bt_out_login')
2021-06-26 17:21:20,787 INFO [root] [base.py (click:16] -点击元素('id', 'com.hcloud.wocom:id/tv_right')
2021-06-26 17:21:20,788 INFO [root] [base.py (find_element:11] -查找元素('id', 'com.hcloud.wocom:id/tv_right')
2021-06-26 17:21:21,553 INFO [root] [base.py (element_is_exist:43] -查找元素('id', 'com.hcloud.wocom:id/tv_psw')是否存在
2021-06-26 17:21:21,553 INFO [root] [base.py (find_element:11] -查找元素('id', 'com.hcloud.wocom:id/tv_psw')
2021-06-26 17:21:21,964 INFO [root] [base.py (click:16] -点击元素('id', 'com.hcloud.wocom:id/tv_psw')
2021-06-26 17:21:21,965 INFO [root] [base.py (find_element:11] -查找元素('id', 'com.hcloud.wocom:id/tv_psw')
2021-06-26 17:21:22,663 INFO [root] [base.py (input:20] -给元素('id', 'com.hcloud.wocom:id/et_phone')输入
2021-06-26 17:21:22,663 INFO [root] [base.py (find_element:11] -查找元素('id', 'com.hcloud.wocom:id/et_phone')
2021-06-26 17:21:23,270 INFO [root] [base.py (input:22] -清空元素('id', 'com.hcloud.wocom:id/et_phone')
2021-06-26 17:21:23,285 INFO [root] [base.py (input:24] -给元素输入内容
2021-06-26 17:21:24,410 INFO [root] [base.py (input:20] -给元素('id', 'com.hcloud.wocom:id/et_psw')输入Abc1234@
2021-06-26 17:21:24,410 INFO [root] [base.py (find_element:11] -查找元素('id', 'com.hcloud.wocom:id/et_psw')
2021-06-26 17:21:24,922 INFO [root] [base.py (input:22] -清空元素('id', 'com.hcloud.wocom:id/et_psw')
2021-06-26 17:21:24,937 INFO [root] [base.py (input:24] -给元素输入内容Abc1234@
2021-06-26 17:21:25,942 INFO [root] [base.py (click:16] -点击元素('id', 'com.hcloud.wocom:id/bt_next')
2021-06-26 17:21:25,943 INFO [root] [base.py (find_element:11] -查找元素('id', 'com.hcloud.wocom:id/bt_next')
2021-06-26 17:21:26,551 INFO [root] [base.py (element_is_exist:43] -查找元素('id', 'com.hcloud.wocom:id/tv_error')是否存在
2021-06-26 17:21:26,552 INFO [root] [base.py (find_element:11] -查找元素('id', 'com.hcloud.wocom:id/tv_error')
2021-06-26 17:21:27,160 INFO [root] [base.py (find_element:11] -查找元素('id', 'com.hcloud.wocom:id/tv_error')
2021-06-26 17:21:27,194 INFO [root] [base.py (click:16] -点击元素('id', 'com.hcloud.wocom:id/tv_psw')
2021-06-26 17:21:27,195 INFO [root] [base.py (find_element:11] -查找元素('id', 'com.hcloud.wocom:id/tv_psw')
2021-06-26 17:21:27,234 INFO [root] [base.py (input:20] -给元素('id', 'com.hcloud.wocom:id/et_phone')输入18000000001
2021-06-26 17:21:27,234 INFO [root] [base.py (find_element:11] -查找元素('id', 'com.hcloud.wocom:id/et_phone')
2021-06-26 17:21:27,832 INFO [root] [base.py (input:22] -清空元素('id', 'com.hcloud.wocom:id/et_phone')
2021-06-26 17:21:27,846 INFO [root] [base.py (input:24] -给元素输入内容18000000001
2021-06-26 17:21:28,876 INFO [root] [base.py (input:20] -给元素('id', 'com.hcloud.wocom:id/et_psw')输入
2021-06-26 17:21:28,876 INFO [root] [base.py (find_element:11] -查找元素('id', 'com.hcloud.wocom:id/et_psw')
2021-06-26 17:21:28,906 INFO [root] [base.py (input:22] -清空元素('id', 'com.hcloud.wocom:id/et_psw')
2021-06-26 17:21:29,478 INFO [root] [base.py (input:24] -给元素输入内容
2021-06-26 17:21:30,590 INFO [root] [base.py (click:16] -点击元素('id', 'com.hcloud.wocom:id/bt_next')
2021-06-26 17:21:30,590 INFO [root] [base.py (find_element:11] -查找元素('id', 'com.hcloud.wocom:id/bt_next')
2021-06-26 17:21:31,099 INFO [root] [base.py (element_is_exist:43] -查找元素('id', 'com.hcloud.wocom:id/tv_error')是否存在
2021-06-26 17:21:31,099 INFO [root] [base.py (find_element:11] -查找元素('id', 'com.hcloud.wocom:id/tv_error')
2021-06-26 17:21:51,859 ERROR [root] [test_login.py (test_login:43] -Message: An element could not be located on the page using the given search parameters.

